<?xml version="1.0" encoding="UTF-8"?>
<!-- Generated by org.testng.reporters.JUnitXMLReporter -->
<testsuite ignored="0" hostname="Matiass-MacBook-Pro.local" failures="0" tests="1" name="Default test" time="2.643" errors="0" timestamp="2020-12-19T21:11:26 ART">
  <testcase classname="com.fravega.testng.SearchTest" name="@BeforeClass setUp" time="2.528">
    <failure type="org.openqa.selenium.SessionNotCreatedException" message="session not created: This version of ChromeDriver only supports Chrome version 79
Build info: version: &amp;apos;3.141.59&amp;apos;, revision: &amp;apos;e82be7d358&amp;apos;, time: &amp;apos;2018-11-14T08:17:03&amp;apos;
System info: host: &amp;apos;Matiass-MacBook-Pro.local&amp;apos;, ip: &amp;apos;2803:9800:a002:8506:19ef:6237:bc80:cfa%en0&amp;apos;, os.name: &amp;apos;Mac OS X&amp;apos;, os.arch: &amp;apos;x86_64&amp;apos;, os.version: &amp;apos;10.14.6&amp;apos;, java.version: &amp;apos;11.0.5&amp;apos;
Driver info: driver.version: ChromeDriver
remote stacktrace: 0   chromedriver                        0x000000010f3a9e29 chromedriver + 3817001
1   chromedriver                        0x000000010f33df33 chromedriver + 3374899
2   chromedriver                        0x000000010f0be8bf chromedriver + 755903
3   chromedriver                        0x000000010f01edd2 chromedriver + 101842
4   chromedriver                        0x000000010f01ab00 chromedriver + 84736
5   chromedriver                        0x000000010f04a018 chromedriver + 278552
6   chromedriver                        0x000000010f046fa3 chromedriver + 266147
7   chromedriver                        0x000000010f020c0d chromedriver + 109581
8   chromedriver                        0x000000010f021ba5 chromedriver + 113573
9   chromedriver                        0x000000010f36bf6f chromedriver + 3563375
10  chromedriver                        0x000000010f378e3a chromedriver + 3616314
11  chromedriver                        0x000000010f378bf7 chromedriver + 3615735
12  chromedriver                        0x000000010f34b699 chromedriver + 3430041
13  chromedriver                        0x000000010f379692 chromedriver + 3618450
14  chromedriver                        0x000000010f35fe17 chromedriver + 3513879
15  chromedriver                        0x000000010f38efe4 chromedriver + 3706852
16  chromedriver                        0x000000010f3affc7 chromedriver + 3841991
17  libsystem_pthread.dylib             0x00007fff5acbf2eb _pthread_body + 126
18  libsystem_pthread.dylib             0x00007fff5acc2249 _pthread_start + 66
19  libsystem_pthread.dylib             0x00007fff5acbe40d thread_start + 13
">
      <![CDATA[org.openqa.selenium.SessionNotCreatedException: session not created: This version of ChromeDriver only supports Chrome version 79
Build info: version: '3.141.59', revision: 'e82be7d358', time: '2018-11-14T08:17:03'
System info: host: 'Matiass-MacBook-Pro.local', ip: '2803:9800:a002:8506:19ef:6237:bc80:cfa%en0', os.name: 'Mac OS X', os.arch: 'x86_64', os.version: '10.14.6', java.version: '11.0.5'
Driver info: driver.version: ChromeDriver
remote stacktrace: 0   chromedriver                        0x000000010f3a9e29 chromedriver + 3817001
1   chromedriver                        0x000000010f33df33 chromedriver + 3374899
2   chromedriver                        0x000000010f0be8bf chromedriver + 755903
3   chromedriver                        0x000000010f01edd2 chromedriver + 101842
4   chromedriver                        0x000000010f01ab00 chromedriver + 84736
5   chromedriver                        0x000000010f04a018 chromedriver + 278552
6   chromedriver                        0x000000010f046fa3 chromedriver + 266147
7   chromedriver                        0x000000010f020c0d chromedriver + 109581
8   chromedriver                        0x000000010f021ba5 chromedriver + 113573
9   chromedriver                        0x000000010f36bf6f chromedriver + 3563375
10  chromedriver                        0x000000010f378e3a chromedriver + 3616314
11  chromedriver                        0x000000010f378bf7 chromedriver + 3615735
12  chromedriver                        0x000000010f34b699 chromedriver + 3430041
13  chromedriver                        0x000000010f379692 chromedriver + 3618450
14  chromedriver                        0x000000010f35fe17 chromedriver + 3513879
15  chromedriver                        0x000000010f38efe4 chromedriver + 3706852
16  chromedriver                        0x000000010f3affc7 chromedriver + 3841991
17  libsystem_pthread.dylib             0x00007fff5acbf2eb _pthread_body + 126
18  libsystem_pthread.dylib             0x00007fff5acc2249 _pthread_start + 66
19  libsystem_pthread.dylib             0x00007fff5acbe40d thread_start + 13

at java.base/jdk.internal.reflect.NativeConstructorAccessorImpl.newInstance0(Native Method)
at java.base/jdk.internal.reflect.NativeConstructorAccessorImpl.newInstance(NativeConstructorAccessorImpl.java:62)
at java.base/jdk.internal.reflect.DelegatingConstructorAccessorImpl.newInstance(DelegatingConstructorAccessorImpl.java:45)
at java.base/java.lang.reflect.Constructor.newInstance(Constructor.java:490)
at org.openqa.selenium.remote.W3CHandshakeResponse.lambda$errorHandler$0(W3CHandshakeResponse.java:62)
at org.openqa.selenium.remote.HandshakeResponse.lambda$getResponseFunction$0(HandshakeResponse.java:30)
at org.openqa.selenium.remote.ProtocolHandshake.lambda$createSession$0(ProtocolHandshake.java:126)
at java.base/java.util.stream.ReferencePipeline$3$1.accept(ReferencePipeline.java:195)
at java.base/java.util.Spliterators$ArraySpliterator.tryAdvance(Spliterators.java:958)
at java.base/java.util.stream.ReferencePipeline.forEachWithCancel(ReferencePipeline.java:127)
at java.base/java.util.stream.AbstractPipeline.copyIntoWithCancel(AbstractPipeline.java:502)
at java.base/java.util.stream.AbstractPipeline.copyInto(AbstractPipeline.java:488)
at java.base/java.util.stream.AbstractPipeline.wrapAndCopyInto(AbstractPipeline.java:474)
at java.base/java.util.stream.FindOps$FindOp.evaluateSequential(FindOps.java:150)
at java.base/java.util.stream.AbstractPipeline.evaluate(AbstractPipeline.java:234)
at java.base/java.util.stream.ReferencePipeline.findFirst(ReferencePipeline.java:543)
at org.openqa.selenium.remote.ProtocolHandshake.createSession(ProtocolHandshake.java:128)
at org.openqa.selenium.remote.ProtocolHandshake.createSession(ProtocolHandshake.java:74)
at org.openqa.selenium.remote.HttpCommandExecutor.execute(HttpCommandExecutor.java:136)
at org.openqa.selenium.remote.service.DriverCommandExecutor.execute(DriverCommandExecutor.java:83)
at org.openqa.selenium.remote.RemoteWebDriver.execute(RemoteWebDriver.java:552)
at org.openqa.selenium.remote.RemoteWebDriver.startSession(RemoteWebDriver.java:213)
at org.openqa.selenium.remote.RemoteWebDriver.<init>(RemoteWebDriver.java:131)
at org.openqa.selenium.chrome.ChromeDriver.<init>(ChromeDriver.java:181)
at org.openqa.selenium.chrome.ChromeDriver.<init>(ChromeDriver.java:168)
at org.openqa.selenium.chrome.ChromeDriver.<init>(ChromeDriver.java:123)
at com.fravega.testng.SearchTest.setUp(SearchTest.java:19)
at java.base/jdk.internal.reflect.NativeMethodAccessorImpl.invoke0(Native Method)
at java.base/jdk.internal.reflect.NativeMethodAccessorImpl.invoke(NativeMethodAccessorImpl.java:62)
at java.base/jdk.internal.reflect.DelegatingMethodAccessorImpl.invoke(DelegatingMethodAccessorImpl.java:43)
at java.base/java.lang.reflect.Method.invoke(Method.java:566)
at org.testng.internal.MethodInvocationHelper.invokeMethod(MethodInvocationHelper.java:132)
at org.testng.internal.MethodInvocationHelper.invokeMethodConsideringTimeout(MethodInvocationHelper.java:61)
at org.testng.internal.ConfigInvoker.invokeConfigurationMethod(ConfigInvoker.java:366)
at org.testng.internal.ConfigInvoker.invokeConfigurations(ConfigInvoker.java:320)
at org.testng.internal.TestMethodWorker.invokeBeforeClassMethods(TestMethodWorker.java:176)
at org.testng.internal.TestMethodWorker.run(TestMethodWorker.java:122)
at java.base/java.util.ArrayList.forEach(ArrayList.java:1540)
at org.testng.TestRunner.privateRun(TestRunner.java:764)
at org.testng.TestRunner.run(TestRunner.java:585)
at org.testng.SuiteRunner.runTest(SuiteRunner.java:384)
at org.testng.SuiteRunner.runSequentially(SuiteRunner.java:378)
at org.testng.SuiteRunner.privateRun(SuiteRunner.java:337)
at org.testng.SuiteRunner.run(SuiteRunner.java:286)
at org.testng.SuiteRunnerWorker.runSuite(SuiteRunnerWorker.java:53)
at org.testng.SuiteRunnerWorker.run(SuiteRunnerWorker.java:96)
at org.testng.TestNG.runSuitesSequentially(TestNG.java:1218)
at org.testng.TestNG.runSuitesLocally(TestNG.java:1140)
at org.testng.TestNG.runSuites(TestNG.java:1069)
at org.testng.TestNG.run(TestNG.java:1037)
at org.testng.remote.AbstractRemoteTestNG.run(AbstractRemoteTestNG.java:115)
at org.testng.remote.RemoteTestNG.initAndRun(RemoteTestNG.java:251)
at org.testng.remote.RemoteTestNG.main(RemoteTestNG.java:77)
]]>
    </failure>
  </testcase> <!-- @BeforeClass setUp -->
  <testcase classname="com.fravega.testng.SearchTest" name="seartchRefrigerator" time="0.0">
    <skipped/>
  </testcase> <!-- seartchRefrigerator -->
</testsuite> <!-- Default test -->
